#
# There is insufficient memory for the Java Runtime Environment to continue.
# Native memory allocation (malloc) failed to allocate 1048576 bytes for AllocateHeap
# Possible reasons:
#   The system is out of physical RAM or swap space
#   The process is running with CompressedOops enabled, and the Java Heap may be blocking the growth of the native heap
# Possible solutions:
#   Reduce memory load on the system
#   Increase physical memory or swap space
#   Check if swap backing store is full
#   Decrease Java heap size (-Xmx/-Xms)
#   Decrease number of Java threads
#   Decrease Java thread stack sizes (-Xss)
#   Set larger code cache with -XX:ReservedCodeCacheSize=
# This output file may be truncated or incomplete.
#
#  Out of Memory Error (./src/hotspot/share/memory/allocation.cpp:46), pid=10640, tid=18960
#
# JRE version:  (11.0.9.1+11) (build )
# Java VM: OpenJDK 64-Bit Server VM (11.0.9.1+11-b1145.63, mixed mode, sharing, tiered, compressed oops, g1 gc, windows-amd64)
# No core dump will be written. Minidumps are not enabled by default on client versions of Windows
#

---------------  S U M M A R Y ------------

Command Line: -Djava.rmi.server.hostname=127.0.0.1 -Duser.timezone=UTC -Xmx2041m -Xms128m -Dfile.encoding=UTF-8 com.intellij.database.remote.RemoteJdbcServer org.postgresql.Driver

Host: AMD Ryzen 5 2600 Six-Core Processor            , 12 cores, 15G,  Windows 10 , 64 bit Build 17763 (10.0.17763.475)
Time: Sat Jan 23 23:57:01 2021 Iiaineae?neia noaiaa?oiia a?aiy elapsed time: 0.008192 seconds (0d 0h 0m 0s)

---------------  T H R E A D  ---------------

Current thread (0x0000022f8c04c800):  JavaThread "Unknown thread" [_thread_in_vm, id=18960, stack(0x000000c154e00000,0x000000c154f00000)]

Stack: [0x000000c154e00000,0x000000c154f00000]
Native frames: (J=compiled Java code, j=interpreted, Vv=VM code, C=native code)
V  [jvm.dll+0x5edd9a]
V  [jvm.dll+0x7229c5]
V  [jvm.dll+0x723f1d]
V  [jvm.dll+0x7245d3]
V  [jvm.dll+0x2431b8]
V  [jvm.dll+0xb3834]
V  [jvm.dll+0x2e1277]
V  [jvm.dll+0x2da38a]
V  [jvm.dll+0x701a67]
V  [jvm.dll+0x70325c]
V  [jvm.dll+0x359049]
V  [jvm.dll+0x6e552e]
V  [jvm.dll+0x3c1353]
V  [jvm.dll+0x3c3571]
C  [jli.dll+0x5373]
C  [ucrtbase.dll+0x2268a]
C  [KERNEL32.DLL+0x17974]
C  [ntdll.dll+0x5a0b1]


---------------  P R O C E S S  ---------------

Threads class SMR info:
_java_thread_list=0x0000022f89f769a0, length=0, elements={
}

Java Threads: ( => current thread )

Other Threads:
  0x0000022f8c062800 GCTaskThread "GC Thread#0" [stack: 0x000000c154f00000,0x000000c155000000] [id=10848]

[error occurred during error reporting (printing all threads), id 0xc0000005, EXCEPTION_ACCESS_VIOLATION (0xc0000005) at pc=0x00007ff9ad9965c0]

VM state:not at safepoint (not fully initialized)

VM Mutex/Monitor currently owned by a thread:  ([mutex/lock_event])
[0x0000022f8c047c90] Heap_lock - owner thread: 0x0000022f8c04c800

Heap address: 0x0000000080600000, size: 2042 MB, Compressed Oops mode: Non-zero based: 0x0000000080600000
Narrow klass base: 0x0000000000000000, Narrow klass shift: 0

GC Heap History (0 events):
No events

Deoptimization events (0 events):
No events

Classes redefined (0 events):
No events

Internal exceptions (0 events):
No events

Events (1 events):
Event: 0.004 Loaded shared library E:\IDEA\IntelliJ IDEA 2020.2.3\jbr\bin\zip.dll


Dynamic libraries:
0x00007ff656010000 - 0x00007ff65601a000 	E:\IDEA\IntelliJ IDEA 2020.2.3\jbr\bin\java.exe
0x00007ffa0c970000 - 0x00007ffa0cb5d000 	C:\Windows\SYSTEM32\ntdll.dll
0x00007ffa0b0d0000 - 0x00007ffa0b183000 	C:\Windows\System32\KERNEL32.DLL
0x00007ffa094b0000 - 0x00007ffa09745000 	C:\Windows\System32\KERNELBASE.dll
0x00007ffa08a40000 - 0x00007ffa08b3a000 	C:\Windows\System32\ucrtbase.dll
0x00007ff9f7fa0000 - 0x00007ff9f7fb9000 	E:\IDEA\IntelliJ IDEA 2020.2.3\jbr\bin\jli.dll
0x00007ff9ff060000 - 0x00007ff9ff077000 	E:\IDEA\IntelliJ IDEA 2020.2.3\jbr\bin\VCRUNTIME140.dll
0x00007ffa0aba0000 - 0x00007ffa0ad37000 	C:\Windows\System32\USER32.dll
0x00007ffa09750000 - 0x00007ffa09770000 	C:\Windows\System32\win32u.dll
0x00007ff9f6680000 - 0x00007ff9f68f9000 	C:\Windows\WinSxS\amd64_microsoft.windows.common-controls_6595b64144ccf1df_6.0.17763.1697_none_de7644c45346d6cf\COMCTL32.dll
0x00007ffa0b190000 - 0x00007ffa0b1b9000 	C:\Windows\System32\GDI32.dll
0x00007ffa0ab00000 - 0x00007ffa0ab9e000 	C:\Windows\System32\msvcrt.dll
0x00007ffa092b0000 - 0x00007ffa0944c000 	C:\Windows\System32\gdi32full.dll
0x00007ffa0ada0000 - 0x00007ffa0b0ce000 	C:\Windows\System32\combase.dll
0x00007ffa09b00000 - 0x00007ffa09ba0000 	C:\Windows\System32\msvcp_win.dll
0x00007ffa09ba0000 - 0x00007ffa09cc0000 	C:\Windows\System32\RPCRT4.dll
0x00007ffa09a50000 - 0x00007ffa09acf000 	C:\Windows\System32\bcryptPrimitives.dll
0x00007ffa0aa90000 - 0x00007ffa0aabe000 	C:\Windows\System32\IMM32.DLL
0x00007ff9f22c0000 - 0x00007ff9f235d000 	E:\IDEA\IntelliJ IDEA 2020.2.3\jbr\bin\msvcp140.dll
0x00007ff9ad6b0000 - 0x00007ff9ae17e000 	E:\IDEA\IntelliJ IDEA 2020.2.3\jbr\bin\server\jvm.dll
0x00007ffa0a9e0000 - 0x00007ffa0aa83000 	C:\Windows\System32\ADVAPI32.dll
0x00007ffa0b220000 - 0x00007ffa0b2bf000 	C:\Windows\System32\sechost.dll
0x00007ffa0a950000 - 0x00007ffa0a958000 	C:\Windows\System32\PSAPI.DLL
0x00007ffa06a10000 - 0x00007ffa06a34000 	C:\Windows\SYSTEM32\WINMM.dll
0x00007ffa02af0000 - 0x00007ffa02afa000 	C:\Windows\SYSTEM32\VERSION.dll
0x00007ff9f3220000 - 0x00007ff9f3229000 	C:\Windows\SYSTEM32\WSOCK32.dll
0x00007ffa0a8e0000 - 0x00007ffa0a94d000 	C:\Windows\System32\WS2_32.dll
0x00007ffa069e0000 - 0x00007ffa06a0d000 	C:\Windows\SYSTEM32\winmmbase.dll
0x00007ffa09770000 - 0x00007ffa097ba000 	C:\Windows\System32\cfgmgr32.dll
0x00007ffa089a0000 - 0x00007ffa089b1000 	C:\Windows\System32\kernel.appcore.dll
0x00007ffa052c0000 - 0x00007ffa052d1000 	E:\IDEA\IntelliJ IDEA 2020.2.3\jbr\bin\verify.dll
0x00007ff9f2bf0000 - 0x00007ff9f2ddd000 	C:\Windows\SYSTEM32\DBGHELP.DLL
0x00007ff9f28b0000 - 0x00007ff9f28da000 	C:\Windows\SYSTEM32\dbgcore.DLL
0x00007ffa048c0000 - 0x00007ffa048e9000 	E:\IDEA\IntelliJ IDEA 2020.2.3\jbr\bin\java.dll
0x00007ffa052b0000 - 0x00007ffa052bb000 	E:\IDEA\IntelliJ IDEA 2020.2.3\jbr\bin\jimage.dll
0x00007ffa043a0000 - 0x00007ffa043b8000 	E:\IDEA\IntelliJ IDEA 2020.2.3\jbr\bin\zip.dll

dbghelp: loaded successfully - version: 4.0.5 - missing functions: none
symbol engine: initialized successfully - sym options: 0x614 - pdb path: .;E:\IDEA\IntelliJ IDEA 2020.2.3\jbr\bin;C:\Windows\SYSTEM32;C:\Windows\WinSxS\amd64_microsoft.windows.common-controls_6595b64144ccf1df_6.0.17763.1697_none_de7644c45346d6cf;E:\IDEA\IntelliJ IDEA 2020.2.3\jbr\bin\server

VM Arguments:
jvm_args: -Djava.rmi.server.hostname=127.0.0.1 -Duser.timezone=UTC -Xmx2041m -Xms128m -Dfile.encoding=UTF-8 
java_command: com.intellij.database.remote.RemoteJdbcServer org.postgresql.Driver
java_class_path (initial): E:\IDEA\IntelliJ IDEA 2020.2.3\lib\util.jar;E:\IDEA\IntelliJ IDEA 2020.2.3\lib\trove4j.jar;E:\IDEA\IntelliJ IDEA 2020.2.3\lib\groovy-2.5.11.jar;E:\IDEA\IntelliJ IDEA 2020.2.3\plugins\DatabaseTools\lib\jdbc-console.jar;C:\Users\Stylish Pimp\AppData\Roaming\JetBrains\IntelliJIdea2020.3\jdbc-drivers\PostgreSQL\42.2.5\postgresql-42.2.5.jar;C:\Users\Stylish Pimp\AppData\Roaming\JetBrains\IntelliJIdea2020.3\jdbc-drivers\PostgreSQL\42.2.5\jna-platform-win-4.4.0.jar;C:\Users\Stylish Pimp\AppData\Roaming\JetBrains\IntelliJIdea2020.3\jdbc-drivers\PostgreSQL\42.2.5\jna-win-4.4.0.jar;C:\Users\Stylish Pimp\AppData\Roaming\JetBrains\IntelliJIdea2020.3\jdbc-drivers\PostgreSQL\42.2.5\waffle-jna-win-1.8.1.jar
Launcher Type: SUN_STANDARD

[Global flags]
     intx CICompilerCount                          = 4                                         {product} {ergonomic}
     uint ConcGCThreads                            = 3                                         {product} {ergonomic}
     uint G1ConcRefinementThreads                  = 10                                        {product} {ergonomic}
   size_t G1HeapRegionSize                         = 1048576                                   {product} {ergonomic}
    uintx GCDrainStackTargetSize                   = 64                                        {product} {ergonomic}
   size_t InitialHeapSize                          = 134217728                                 {product} {command line}
   size_t MarkStackSize                            = 4194304                                   {product} {ergonomic}
   size_t MaxHeapSize                              = 2141192192                                {product} {command line, ergonomic}
   size_t MinHeapDeltaBytes                        = 1048576                                   {product} {ergonomic}
    uintx NonNMethodCodeHeapSize                   = 5836300                                {pd product} {ergonomic}
    uintx NonProfiledCodeHeapSize                  = 122910970                              {pd product} {ergonomic}
    uintx ProfiledCodeHeapSize                     = 122910970                              {pd product} {ergonomic}
    uintx ReservedCodeCacheSize                    = 251658240                              {pd product} {ergonomic}
     bool SegmentedCodeCache                       = true                                      {product} {ergonomic}
     bool UseCompressedClassPointers               = true                                 {lp64_product} {ergonomic}
     bool UseCompressedOops                        = true                                 {lp64_product} {ergonomic}
     bool UseG1GC                                  = true                                      {product} {ergonomic}
     bool UseLargePagesIndividualAllocation        = false                                  {pd product} {ergonomic}

Logging:
Log output configuration:
 #0: stdout all=warning uptime,level,tags
 #1: stderr all=off uptime,level,tags

Environment Variables:
JAVA_HOME=C:\Program Files\Java\jdk-14.0.2
PATH=E:\sql_course\dbhomeXE\bin;C:\Program Files (x86)\Common Files\Oracle\Java\javapath;C:\Windows\system32;C:\Windows;C:\Windows\System32\Wbem;C:\Windows\System32\WindowsPowerShell\v1.0\;C:\Windows\System32\OpenSSH\;C:\Program Files (x86)\NVIDIA Corporation\PhysX\Common;C:\Program Files\NVIDIA Corporation\NVIDIA NvDLISR;E:\Git\cmd;E:\Git\mingw64\bin;E:\Git\usr\bin;C:\Program Files\Java\jdk-14.0.2\bin;"C:\Users\Stylish Pimp\AppData\Local\Temp\Microsoft\WindowsApps;";C:\Program Files (x86)\Common Files\Oracle\Java\javapath;
USERNAME=Stylish Pimp
OS=Windows_NT
PROCESSOR_IDENTIFIER=AMD64 Family 23 Model 8 Stepping 2, AuthenticAMD



---------------  S Y S T E M  ---------------

OS: Windows 10 , 64 bit Build 17763 (10.0.17763.475)
OS uptime: 9 days 20:59 hours

CPU:total 12 (initial active 12) (12 cores per cpu, 2 threads per core) family 23 model 8 stepping 2, cmov, cx8, fxsr, mmx, sse, sse2, sse3, ssse3, sse4.1, sse4.2, popcnt, avx, avx2, aes, clmul, mmxext, 3dnowpref, lzcnt, sse4a, ht, tsc, tscinvbit, tscinv, bmi1, bmi2, adx, sha, fma

Memory: 4k page, system-wide physical 16333M (6647M free)
TotalPageFile size 18381M (AvailPageFile size 4M)
current process WorkingSet (physical memory assigned to process): 9M, peak: 9M
current process commit charge ("private bytes"): 57M, peak: 58M

vm_info: OpenJDK 64-Bit Server VM (11.0.9.1+11-b1145.63) for windows-amd64 JRE (11.0.9.1+11-b1145.63), built on Dec 21 2020 13:58:54 by "" with MS VC++ 14.0 (VS2015)

END.
