#
# There is insufficient memory for the Java Runtime Environment to continue.
# Native memory allocation (malloc) failed to allocate 155776 bytes for Chunk::new
# Possible reasons:
#   The system is out of physical RAM or swap space
#   The process is running with CompressedOops enabled, and the Java Heap may be blocking the growth of the native heap
# Possible solutions:
#   Reduce memory load on the system
#   Increase physical memory or swap space
#   Check if swap backing store is full
#   Decrease Java heap size (-Xmx/-Xms)
#   Decrease number of Java threads
#   Decrease Java thread stack sizes (-Xss)
#   Set larger code cache with -XX:ReservedCodeCacheSize=
#   JVM is running with Unscaled Compressed Oops mode in which the Java heap is
#     placed in the first 4GB address space. The Java Heap base address is the
#     maximum limit for the native heap growth. Please use -XX:HeapBaseMinAddress
#     to set the Java Heap base and to place the Java Heap above 4GB virtual address.
# This output file may be truncated or incomplete.
#
#  Out of Memory Error (./src/hotspot/share/memory/arena.cpp:197), pid=11932, tid=1828
#
# JRE version: OpenJDK Runtime Environment JBR-11.0.9.1.11-1145.63-jcef (11.0.9.1+11) (build 11.0.9.1+11-b1145.63)
# Java VM: OpenJDK 64-Bit Server VM JBR-11.0.9.1.11-1145.63-jcef (11.0.9.1+11-b1145.63, mixed mode, tiered, compressed oops, g1 gc, windows-amd64)
# No core dump will be written. Minidumps are not enabled by default on client versions of Windows
#

---------------  S U M M A R Y ------------

Command Line: -Djava.rmi.server.hostname=127.0.0.1 -Duser.timezone=UTC -Xmx2041m -Xms128m -Dfile.encoding=UTF-8 com.intellij.database.remote.RemoteJdbcServer org.postgresql.Driver

Host: AMD Ryzen 5 2600 Six-Core Processor            , 12 cores, 15G,  Windows 10 , 64 bit Build 17763 (10.0.17763.475)
Time: Sat Jan 23 23:57:01 2021 Iiaineae?neia noaiaa?oiia a?aiy elapsed time: 0.746529 seconds (0d 0h 0m 0s)

---------------  T H R E A D  ---------------

Current thread (0x000001ade3fd7800):  JavaThread "C2 CompilerThread1" daemon [_thread_in_native, id=1828, stack(0x000000619a400000,0x000000619a500000)]


Current CompileTask:
C2:    746 1304       4       java.util.HashMap::resize (356 bytes)

Stack: [0x000000619a400000,0x000000619a500000]
Native frames: (J=compiled Java code, j=interpreted, Vv=VM code, C=native code)
V  [jvm.dll+0x5edd9a]
V  [jvm.dll+0x7229c5]
V  [jvm.dll+0x723f1d]
V  [jvm.dll+0x7245d3]
V  [jvm.dll+0x2431b8]
V  [jvm.dll+0xbc34c]
V  [jvm.dll+0xbc84c]
V  [jvm.dll+0x2b5544]
V  [jvm.dll+0x506ac8]
V  [jvm.dll+0x203ca3]
V  [jvm.dll+0x1fda8c]
V  [jvm.dll+0x1fb16f]
V  [jvm.dll+0x183aac]
V  [jvm.dll+0x209957]
V  [jvm.dll+0x2081a1]
V  [jvm.dll+0x6eb73f]
V  [jvm.dll+0x6e42d5]
V  [jvm.dll+0x5ecd46]
C  [ucrtbase.dll+0x2268a]
C  [KERNEL32.DLL+0x17974]
C  [ntdll.dll+0x5a0b1]


---------------  P R O C E S S  ---------------

Threads class SMR info:
_java_thread_list=0x000001ade4598690, length=22, elements={
0x000001adc873b800, 0x000001ade3105000, 0x000001ade3106800, 0x000001ade3963800,
0x000001ade3965000, 0x000001ade3966000, 0x000001ade3969800, 0x000001ade398f000,
0x000001ade3af4000, 0x000001ade3b11800, 0x000001ade3fb6800, 0x000001ade3fbc000,
0x000001ade3fbd000, 0x000001ade3fbd800, 0x000001ade3fc7000, 0x000001ade3fc8000,
0x000001ade3fd7800, 0x000001ade4184800, 0x000001ade4070000, 0x000001ade403c800,
0x000001ade455a000, 0x000001ade4c4b800
}

Java Threads: ( => current thread )
  0x000001adc873b800 JavaThread "main" [_thread_blocked, id=16368, stack(0x0000006198d00000,0x0000006198e00000)]
  0x000001ade3105000 JavaThread "Reference Handler" daemon [_thread_blocked, id=4768, stack(0x0000006199400000,0x0000006199500000)]
  0x000001ade3106800 JavaThread "Finalizer" daemon [_thread_blocked, id=11340, stack(0x0000006199500000,0x0000006199600000)]
  0x000001ade3963800 JavaThread "Signal Dispatcher" daemon [_thread_blocked, id=7564, stack(0x0000006199600000,0x0000006199700000)]
  0x000001ade3965000 JavaThread "Attach Listener" daemon [_thread_blocked, id=3692, stack(0x0000006199700000,0x0000006199800000)]
  0x000001ade3966000 JavaThread "C2 CompilerThread0" daemon [_thread_in_native, id=17452, stack(0x0000006199800000,0x0000006199900000)]
  0x000001ade3969800 JavaThread "C1 CompilerThread0" daemon [_thread_blocked, id=17104, stack(0x0000006199900000,0x0000006199a00000)]
  0x000001ade398f000 JavaThread "Sweeper thread" daemon [_thread_blocked, id=2568, stack(0x0000006199a00000,0x0000006199b00000)]
  0x000001ade3af4000 JavaThread "Service Thread" daemon [_thread_blocked, id=16500, stack(0x0000006199b00000,0x0000006199c00000)]
  0x000001ade3b11800 JavaThread "Common-Cleaner" daemon [_thread_blocked, id=18096, stack(0x0000006199d00000,0x0000006199e00000)]
  0x000001ade3fb6800 JavaThread "RMI TCP Accept-34969" daemon [_thread_in_native, id=10248, stack(0x0000006199e00000,0x0000006199f00000)]
  0x000001ade3fbc000 JavaThread "RMI TCP Accept-0" daemon [_thread_in_native, id=17716, stack(0x0000006199f00000,0x000000619a000000)]
  0x000001ade3fbd000 JavaThread "RMI Reaper" [_thread_blocked, id=6200, stack(0x000000619a000000,0x000000619a100000)]
  0x000001ade3fbd800 JavaThread "RMI GC Daemon" daemon [_thread_blocked, id=8044, stack(0x000000619a100000,0x000000619a200000)]
  0x000001ade3fc7000 JavaThread "RMI TCP Connection(1)-127.0.0.1" daemon [_thread_in_native, id=19284, stack(0x000000619a200000,0x000000619a300000)]
  0x000001ade3fc8000 JavaThread "RMI TCP Connection(2)-127.0.0.1" daemon [_thread_in_native, id=6068, stack(0x000000619a300000,0x000000619a400000)]
=>0x000001ade3fd7800 JavaThread "C2 CompilerThread1" daemon [_thread_in_native, id=1828, stack(0x000000619a400000,0x000000619a500000)]
  0x000001ade4184800 JavaThread "RMI Scheduler(0)" daemon [_thread_blocked, id=7488, stack(0x000000619a500000,0x000000619a600000)]
  0x000001ade4070000 JavaThread "RMI TCP Connection(3)-127.0.0.1" daemon [_thread_in_native, id=18116, stack(0x000000619a600000,0x000000619a700000)]
  0x000001ade403c800 JavaThread "RMI RenewClean-[127.0.0.1:9976]" daemon [_thread_blocked, id=8732, stack(0x000000619a700000,0x000000619a800000)]
  0x000001ade455a000 JavaThread "C2 CompilerThread2" daemon [_thread_in_native, id=18832, stack(0x000000619a800000,0x000000619a900000)]
  0x000001ade4c4b800 JavaThread "PostgreSQL-JDBC-SharedTimer-1" daemon [_thread_blocked, id=1432, stack(0x000000619aa00000,0x000000619ab00000)]

Other Threads:
  0x000001ade3921000 VMThread "VM Thread" [stack: 0x0000006199300000,0x0000006199400000] [id=12208]
  0x000001ade3afd000 WatcherThread [stack: 0x0000006199c00000,0x0000006199d00000] [id=10844]
  0x000001adc8753000 GCTaskThread "GC Thread#0" [stack: 0x0000006198e00000,0x0000006198f00000] [id=18712]
  0x000001adc8784800 ConcurrentGCThread "G1 Main Marker" [stack: 0x0000006198f00000,0x0000006199000000] [id=13096]
  0x000001adc8786000 ConcurrentGCThread "G1 Conc#0" [stack: 0x0000006199000000,0x0000006199100000] [id=15656]
  0x000001ade2f45800 ConcurrentGCThread "G1 Refine#0" [stack: 0x0000006199100000,0x0000006199200000] [id=11280]
  0x000001ade2f46800 ConcurrentGCThread "G1 Young RemSet Sampling" [stack: 0x0000006199200000,0x0000006199300000] [id=18184]

Threads with active compile tasks:
C2 CompilerThread0    763 1312       4       sun.security.provider.SHA::implCompress0 (482 bytes)
C2 CompilerThread1    763 1304       4       java.util.HashMap::resize (356 bytes)
C2 CompilerThread2    763 1298       4       java.lang.String::replace (42 bytes)

VM state:not at safepoint (normal execution)

VM Mutex/Monitor currently owned by a thread: None

Heap address: 0x0000000080600000, size: 2042 MB, Compressed Oops mode: 32-bit
Narrow klass base: 0x0000000000000000, Narrow klass shift: 3
Compressed class space size: 1073741824 Address: 0x0000000100000000

Heap:
 garbage-first heap   total 131072K, used 20480K [0x0000000080600000, 0x0000000100000000)
  region size 1024K, 22 young (22528K), 0 survivors (0K)
 Metaspace       used 15421K, capacity 15832K, committed 16128K, reserved 1062912K
  class space    used 1558K, capacity 1729K, committed 1792K, reserved 1048576K
Heap Regions: E=young(eden), S=young(survivor), O=old, HS=humongous(starts), HC=humongous(continues), CS=collection set, F=free, A=archive, TAMS=top-at-mark-start (previous, next)
|   0|0x0000000080600000, 0x0000000080600000, 0x0000000080700000|  0%| F|  |TAMS 0x0000000080600000, 0x0000000080600000| Untracked 
|   1|0x0000000080700000, 0x0000000080700000, 0x0000000080800000|  0%| F|  |TAMS 0x0000000080700000, 0x0000000080700000| Untracked 
|   2|0x0000000080800000, 0x0000000080800000, 0x0000000080900000|  0%| F|  |TAMS 0x0000000080800000, 0x0000000080800000| Untracked 
|   3|0x0000000080900000, 0x0000000080900000, 0x0000000080a00000|  0%| F|  |TAMS 0x0000000080900000, 0x0000000080900000| Untracked 
|   4|0x0000000080a00000, 0x0000000080a00000, 0x0000000080b00000|  0%| F|  |TAMS 0x0000000080a00000, 0x0000000080a00000| Untracked 
|   5|0x0000000080b00000, 0x0000000080b00000, 0x0000000080c00000|  0%| F|  |TAMS 0x0000000080b00000, 0x0000000080b00000| Untracked 
|   6|0x0000000080c00000, 0x0000000080c00000, 0x0000000080d00000|  0%| F|  |TAMS 0x0000000080c00000, 0x0000000080c00000| Untracked 
|   7|0x0000000080d00000, 0x0000000080d00000, 0x0000000080e00000|  0%| F|  |TAMS 0x0000000080d00000, 0x0000000080d00000| Untracked 
|   8|0x0000000080e00000, 0x0000000080e00000, 0x0000000080f00000|  0%| F|  |TAMS 0x0000000080e00000, 0x0000000080e00000| Untracked 
|   9|0x0000000080f00000, 0x0000000080f00000, 0x0000000081000000|  0%| F|  |TAMS 0x0000000080f00000, 0x0000000080f00000| Untracked 
|  10|0x0000000081000000, 0x0000000081000000, 0x0000000081100000|  0%| F|  |TAMS 0x0000000081000000, 0x0000000081000000| Untracked 
|  11|0x0000000081100000, 0x0000000081100000, 0x0000000081200000|  0%| F|  |TAMS 0x0000000081100000, 0x0000000081100000| Untracked 
|  12|0x0000000081200000, 0x0000000081200000, 0x0000000081300000|  0%| F|  |TAMS 0x0000000081200000, 0x0000000081200000| Untracked 
|  13|0x0000000081300000, 0x0000000081300000, 0x0000000081400000|  0%| F|  |TAMS 0x0000000081300000, 0x0000000081300000| Untracked 
|  14|0x0000000081400000, 0x0000000081400000, 0x0000000081500000|  0%| F|  |TAMS 0x0000000081400000, 0x0000000081400000| Untracked 
|  15|0x0000000081500000, 0x0000000081500000, 0x0000000081600000|  0%| F|  |TAMS 0x0000000081500000, 0x0000000081500000| Untracked 
|  16|0x0000000081600000, 0x0000000081600000, 0x0000000081700000|  0%| F|  |TAMS 0x0000000081600000, 0x0000000081600000| Untracked 
|  17|0x0000000081700000, 0x0000000081700000, 0x0000000081800000|  0%| F|  |TAMS 0x0000000081700000, 0x0000000081700000| Untracked 
|  18|0x0000000081800000, 0x0000000081800000, 0x0000000081900000|  0%| F|  |TAMS 0x0000000081800000, 0x0000000081800000| Untracked 
|  19|0x0000000081900000, 0x0000000081900000, 0x0000000081a00000|  0%| F|  |TAMS 0x0000000081900000, 0x0000000081900000| Untracked 
|  20|0x0000000081a00000, 0x0000000081a00000, 0x0000000081b00000|  0%| F|  |TAMS 0x0000000081a00000, 0x0000000081a00000| Untracked 
|  21|0x0000000081b00000, 0x0000000081b00000, 0x0000000081c00000|  0%| F|  |TAMS 0x0000000081b00000, 0x0000000081b00000| Untracked 
|  22|0x0000000081c00000, 0x0000000081c00000, 0x0000000081d00000|  0%| F|  |TAMS 0x0000000081c00000, 0x0000000081c00000| Untracked 
|  23|0x0000000081d00000, 0x0000000081d00000, 0x0000000081e00000|  0%| F|  |TAMS 0x0000000081d00000, 0x0000000081d00000| Untracked 
|  24|0x0000000081e00000, 0x0000000081e00000, 0x0000000081f00000|  0%| F|  |TAMS 0x0000000081e00000, 0x0000000081e00000| Untracked 
|  25|0x0000000081f00000, 0x0000000081f00000, 0x0000000082000000|  0%| F|  |TAMS 0x0000000081f00000, 0x0000000081f00000| Untracked 
|  26|0x0000000082000000, 0x0000000082000000, 0x0000000082100000|  0%| F|  |TAMS 0x0000000082000000, 0x0000000082000000| Untracked 
|  27|0x0000000082100000, 0x0000000082100000, 0x0000000082200000|  0%| F|  |TAMS 0x0000000082100000, 0x0000000082100000| Untracked 
|  28|0x0000000082200000, 0x0000000082200000, 0x0000000082300000|  0%| F|  |TAMS 0x0000000082200000, 0x0000000082200000| Untracked 
|  29|0x0000000082300000, 0x0000000082300000, 0x0000000082400000|  0%| F|  |TAMS 0x0000000082300000, 0x0000000082300000| Untracked 
|  30|0x0000000082400000, 0x0000000082400000, 0x0000000082500000|  0%| F|  |TAMS 0x0000000082400000, 0x0000000082400000| Untracked 
|  31|0x0000000082500000, 0x0000000082500000, 0x0000000082600000|  0%| F|  |TAMS 0x0000000082500000, 0x0000000082500000| Untracked 
|  32|0x0000000082600000, 0x0000000082600000, 0x0000000082700000|  0%| F|  |TAMS 0x0000000082600000, 0x0000000082600000| Untracked 
|  33|0x0000000082700000, 0x0000000082700000, 0x0000000082800000|  0%| F|  |TAMS 0x0000000082700000, 0x0000000082700000| Untracked 
|  34|0x0000000082800000, 0x0000000082800000, 0x0000000082900000|  0%| F|  |TAMS 0x0000000082800000, 0x0000000082800000| Untracked 
|  35|0x0000000082900000, 0x0000000082900000, 0x0000000082a00000|  0%| F|  |TAMS 0x0000000082900000, 0x0000000082900000| Untracked 
|  36|0x0000000082a00000, 0x0000000082a00000, 0x0000000082b00000|  0%| F|  |TAMS 0x0000000082a00000, 0x0000000082a00000| Untracked 
|  37|0x0000000082b00000, 0x0000000082b00000, 0x0000000082c00000|  0%| F|  |TAMS 0x0000000082b00000, 0x0000000082b00000| Untracked 
|  38|0x0000000082c00000, 0x0000000082c00000, 0x0000000082d00000|  0%| F|  |TAMS 0x0000000082c00000, 0x0000000082c00000| Untracked 
|  39|0x0000000082d00000, 0x0000000082d00000, 0x0000000082e00000|  0%| F|  |TAMS 0x0000000082d00000, 0x0000000082d00000| Untracked 
|  40|0x0000000082e00000, 0x0000000082e00000, 0x0000000082f00000|  0%| F|  |TAMS 0x0000000082e00000, 0x0000000082e00000| Untracked 
|  41|0x0000000082f00000, 0x0000000082f00000, 0x0000000083000000|  0%| F|  |TAMS 0x0000000082f00000, 0x0000000082f00000| Untracked 
|  42|0x0000000083000000, 0x0000000083000000, 0x0000000083100000|  0%| F|  |TAMS 0x0000000083000000, 0x0000000083000000| Untracked 
|  43|0x0000000083100000, 0x0000000083100000, 0x0000000083200000|  0%| F|  |TAMS 0x0000000083100000, 0x0000000083100000| Untracked 
|  44|0x0000000083200000, 0x0000000083200000, 0x0000000083300000|  0%| F|  |TAMS 0x0000000083200000, 0x0000000083200000| Untracked 
|  45|0x0000000083300000, 0x0000000083300000, 0x0000000083400000|  0%| F|  |TAMS 0x0000000083300000, 0x0000000083300000| Untracked 
|  46|0x0000000083400000, 0x0000000083400000, 0x0000000083500000|  0%| F|  |TAMS 0x0000000083400000, 0x0000000083400000| Untracked 
|  47|0x0000000083500000, 0x0000000083500000, 0x0000000083600000|  0%| F|  |TAMS 0x0000000083500000, 0x0000000083500000| Untracked 
|  48|0x0000000083600000, 0x0000000083600000, 0x0000000083700000|  0%| F|  |TAMS 0x0000000083600000, 0x0000000083600000| Untracked 
|  49|0x0000000083700000, 0x0000000083700000, 0x0000000083800000|  0%| F|  |TAMS 0x0000000083700000, 0x0000000083700000| Untracked 
|  50|0x0000000083800000, 0x0000000083800000, 0x0000000083900000|  0%| F|  |TAMS 0x0000000083800000, 0x0000000083800000| Untracked 
|  51|0x0000000083900000, 0x0000000083900000, 0x0000000083a00000|  0%| F|  |TAMS 0x0000000083900000, 0x0000000083900000| Untracked 
|  52|0x0000000083a00000, 0x0000000083a00000, 0x0000000083b00000|  0%| F|  |TAMS 0x0000000083a00000, 0x0000000083a00000| Untracked 
|  53|0x0000000083b00000, 0x0000000083b00000, 0x0000000083c00000|  0%| F|  |TAMS 0x0000000083b00000, 0x0000000083b00000| Untracked 
|  54|0x0000000083c00000, 0x0000000083c00000, 0x0000000083d00000|  0%| F|  |TAMS 0x0000000083c00000, 0x0000000083c00000| Untracked 
|  55|0x0000000083d00000, 0x0000000083d00000, 0x0000000083e00000|  0%| F|  |TAMS 0x0000000083d00000, 0x0000000083d00000| Untracked 
|  56|0x0000000083e00000, 0x0000000083e00000, 0x0000000083f00000|  0%| F|  |TAMS 0x0000000083e00000, 0x0000000083e00000| Untracked 
|  57|0x0000000083f00000, 0x0000000083f00000, 0x0000000084000000|  0%| F|  |TAMS 0x0000000083f00000, 0x0000000083f00000| Untracked 
|  58|0x0000000084000000, 0x0000000084000000, 0x0000000084100000|  0%| F|  |TAMS 0x0000000084000000, 0x0000000084000000| Untracked 
|  59|0x0000000084100000, 0x0000000084100000, 0x0000000084200000|  0%| F|  |TAMS 0x0000000084100000, 0x0000000084100000| Untracked 
|  60|0x0000000084200000, 0x0000000084200000, 0x0000000084300000|  0%| F|  |TAMS 0x0000000084200000, 0x0000000084200000| Untracked 
|  61|0x0000000084300000, 0x0000000084300000, 0x0000000084400000|  0%| F|  |TAMS 0x0000000084300000, 0x0000000084300000| Untracked 
|  62|0x0000000084400000, 0x0000000084400000, 0x0000000084500000|  0%| F|  |TAMS 0x0000000084400000, 0x0000000084400000| Untracked 
|  63|0x0000000084500000, 0x0000000084500000, 0x0000000084600000|  0%| F|  |TAMS 0x0000000084500000, 0x0000000084500000| Untracked 
|  64|0x0000000084600000, 0x0000000084600000, 0x0000000084700000|  0%| F|  |TAMS 0x0000000084600000, 0x0000000084600000| Untracked 
|  65|0x0000000084700000, 0x0000000084700000, 0x0000000084800000|  0%| F|  |TAMS 0x0000000084700000, 0x0000000084700000| Untracked 
|  66|0x0000000084800000, 0x0000000084800000, 0x0000000084900000|  0%| F|  |TAMS 0x0000000084800000, 0x0000000084800000| Untracked 
|  67|0x0000000084900000, 0x0000000084900000, 0x0000000084a00000|  0%| F|  |TAMS 0x0000000084900000, 0x0000000084900000| Untracked 
|  68|0x0000000084a00000, 0x0000000084a00000, 0x0000000084b00000|  0%| F|  |TAMS 0x0000000084a00000, 0x0000000084a00000| Untracked 
|  69|0x0000000084b00000, 0x0000000084b00000, 0x0000000084c00000|  0%| F|  |TAMS 0x0000000084b00000, 0x0000000084b00000| Untracked 
|  70|0x0000000084c00000, 0x0000000084c00000, 0x0000000084d00000|  0%| F|  |TAMS 0x0000000084c00000, 0x0000000084c00000| Untracked 
|  71|0x0000000084d00000, 0x0000000084d00000, 0x0000000084e00000|  0%| F|  |TAMS 0x0000000084d00000, 0x0000000084d00000| Untracked 
|  72|0x0000000084e00000, 0x0000000084e00000, 0x0000000084f00000|  0%| F|  |TAMS 0x0000000084e00000, 0x0000000084e00000| Untracked 
|  73|0x0000000084f00000, 0x0000000084f00000, 0x0000000085000000|  0%| F|  |TAMS 0x0000000084f00000, 0x0000000084f00000| Untracked 
|  74|0x0000000085000000, 0x0000000085000000, 0x0000000085100000|  0%| F|  |TAMS 0x0000000085000000, 0x0000000085000000| Untracked 
|  75|0x0000000085100000, 0x0000000085100000, 0x0000000085200000|  0%| F|  |TAMS 0x0000000085100000, 0x0000000085100000| Untracked 
|  76|0x0000000085200000, 0x0000000085200000, 0x0000000085300000|  0%| F|  |TAMS 0x0000000085200000, 0x0000000085200000| Untracked 
|  77|0x0000000085300000, 0x0000000085300000, 0x0000000085400000|  0%| F|  |TAMS 0x0000000085300000, 0x0000000085300000| Untracked 
|  78|0x0000000085400000, 0x0000000085400000, 0x0000000085500000|  0%| F|  |TAMS 0x0000000085400000, 0x0000000085400000| Untracked 
|  79|0x0000000085500000, 0x0000000085500000, 0x0000000085600000|  0%| F|  |TAMS 0x0000000085500000, 0x0000000085500000| Untracked 
|  80|0x0000000085600000, 0x0000000085600000, 0x0000000085700000|  0%| F|  |TAMS 0x0000000085600000, 0x0000000085600000| Untracked 
|  81|0x0000000085700000, 0x0000000085700000, 0x0000000085800000|  0%| F|  |TAMS 0x0000000085700000, 0x0000000085700000| Untracked 
|  82|0x0000000085800000, 0x0000000085800000, 0x0000000085900000|  0%| F|  |TAMS 0x0000000085800000, 0x0000000085800000| Untracked 
|  83|0x0000000085900000, 0x0000000085900000, 0x0000000085a00000|  0%| F|  |TAMS 0x0000000085900000, 0x0000000085900000| Untracked 
|  84|0x0000000085a00000, 0x0000000085a00000, 0x0000000085b00000|  0%| F|  |TAMS 0x0000000085a00000, 0x0000000085a00000| Untracked 
|  85|0x0000000085b00000, 0x0000000085b00000, 0x0000000085c00000|  0%| F|  |TAMS 0x0000000085b00000, 0x0000000085b00000| Untracked 
|  86|0x0000000085c00000, 0x0000000085c00000, 0x0000000085d00000|  0%| F|  |TAMS 0x0000000085c00000, 0x0000000085c00000| Untracked 
|  87|0x0000000085d00000, 0x0000000085d00000, 0x0000000085e00000|  0%| F|  |TAMS 0x0000000085d00000, 0x0000000085d00000| Untracked 
|  88|0x0000000085e00000, 0x0000000085e00000, 0x0000000085f00000|  0%| F|  |TAMS 0x0000000085e00000, 0x0000000085e00000| Untracked 
|  89|0x0000000085f00000, 0x0000000085f00000, 0x0000000086000000|  0%| F|  |TAMS 0x0000000085f00000, 0x0000000085f00000| Untracked 
|  90|0x0000000086000000, 0x0000000086000000, 0x0000000086100000|  0%| F|  |TAMS 0x0000000086000000, 0x0000000086000000| Untracked 
|  91|0x0000000086100000, 0x0000000086100000, 0x0000000086200000|  0%| F|  |TAMS 0x0000000086100000, 0x0000000086100000| Untracked 
|  92|0x0000000086200000, 0x0000000086200000, 0x0000000086300000|  0%| F|  |TAMS 0x0000000086200000, 0x0000000086200000| Untracked 
|  93|0x0000000086300000, 0x0000000086300000, 0x0000000086400000|  0%| F|  |TAMS 0x0000000086300000, 0x0000000086300000| Untracked 
|  94|0x0000000086400000, 0x0000000086400000, 0x0000000086500000|  0%| F|  |TAMS 0x0000000086400000, 0x0000000086400000| Untracked 
|  95|0x0000000086500000, 0x0000000086500000, 0x0000000086600000|  0%| F|  |TAMS 0x0000000086500000, 0x0000000086500000| Untracked 
|  96|0x0000000086600000, 0x0000000086600000, 0x0000000086700000|  0%| F|  |TAMS 0x0000000086600000, 0x0000000086600000| Untracked 
|  97|0x0000000086700000, 0x0000000086700000, 0x0000000086800000|  0%| F|  |TAMS 0x0000000086700000, 0x0000000086700000| Untracked 
|  98|0x0000000086800000, 0x0000000086800000, 0x0000000086900000|  0%| F|  |TAMS 0x0000000086800000, 0x0000000086800000| Untracked 
|  99|0x0000000086900000, 0x0000000086900000, 0x0000000086a00000|  0%| F|  |TAMS 0x0000000086900000, 0x0000000086900000| Untracked 
| 100|0x0000000086a00000, 0x0000000086a00000, 0x0000000086b00000|  0%| F|  |TAMS 0x0000000086a00000, 0x0000000086a00000| Untracked 
| 101|0x0000000086b00000, 0x0000000086b00000, 0x0000000086c00000|  0%| F|  |TAMS 0x0000000086b00000, 0x0000000086b00000| Untracked 
| 102|0x0000000086c00000, 0x0000000086c00000, 0x0000000086d00000|  0%| F|  |TAMS 0x0000000086c00000, 0x0000000086c00000| Untracked 
| 103|0x0000000086d00000, 0x0000000086d00000, 0x0000000086e00000|  0%| F|  |TAMS 0x0000000086d00000, 0x0000000086d00000| Untracked 
| 104|0x0000000086e00000, 0x0000000086e00000, 0x0000000086f00000|  0%| F|  |TAMS 0x0000000086e00000, 0x0000000086e00000| Untracked 
| 105|0x0000000086f00000, 0x0000000086f00000, 0x0000000087000000|  0%| F|  |TAMS 0x0000000086f00000, 0x0000000086f00000| Untracked 
| 106|0x0000000087000000, 0x00000000870f6460, 0x0000000087100000| 96%| E|  |TAMS 0x0000000087000000, 0x0000000087000000| Complete 
| 107|0x0000000087100000, 0x0000000087200000, 0x0000000087200000|100%| E|CS|TAMS 0x0000000087100000, 0x0000000087100000| Complete 
| 108|0x0000000087200000, 0x0000000087300000, 0x0000000087300000|100%| E|CS|TAMS 0x0000000087200000, 0x0000000087200000| Complete 
| 109|0x0000000087300000, 0x0000000087400000, 0x0000000087400000|100%| E|CS|TAMS 0x0000000087300000, 0x0000000087300000| Complete 
| 110|0x0000000087400000, 0x0000000087500000, 0x0000000087500000|100%| E|CS|TAMS 0x0000000087400000, 0x0000000087400000| Complete 
| 111|0x0000000087500000, 0x0000000087600000, 0x0000000087600000|100%| E|  |TAMS 0x0000000087500000, 0x0000000087500000| Complete 
| 112|0x0000000087600000, 0x0000000087700000, 0x0000000087700000|100%| E|CS|TAMS 0x0000000087600000, 0x0000000087600000| Complete 
| 113|0x0000000087700000, 0x0000000087800000, 0x0000000087800000|100%| E|CS|TAMS 0x0000000087700000, 0x0000000087700000| Complete 
| 114|0x0000000087800000, 0x0000000087900000, 0x0000000087900000|100%| E|CS|TAMS 0x0000000087800000, 0x0000000087800000| Complete 
| 115|0x0000000087900000, 0x0000000087a00000, 0x0000000087a00000|100%| E|CS|TAMS 0x0000000087900000, 0x0000000087900000| Complete 
| 116|0x0000000087a00000, 0x0000000087b00000, 0x0000000087b00000|100%| E|CS|TAMS 0x0000000087a00000, 0x0000000087a00000| Complete 
| 117|0x0000000087b00000, 0x0000000087c00000, 0x0000000087c00000|100%| E|CS|TAMS 0x0000000087b00000, 0x0000000087b00000| Complete 
| 118|0x0000000087c00000, 0x0000000087d00000, 0x0000000087d00000|100%| E|CS|TAMS 0x0000000087c00000, 0x0000000087c00000| Complete 
| 119|0x0000000087d00000, 0x0000000087e00000, 0x0000000087e00000|100%| E|CS|TAMS 0x0000000087d00000, 0x0000000087d00000| Complete 
| 120|0x0000000087e00000, 0x0000000087f00000, 0x0000000087f00000|100%| E|CS|TAMS 0x0000000087e00000, 0x0000000087e00000| Complete 
| 121|0x0000000087f00000, 0x0000000088000000, 0x0000000088000000|100%| E|CS|TAMS 0x0000000087f00000, 0x0000000087f00000| Complete 
| 122|0x0000000088000000, 0x0000000088100000, 0x0000000088100000|100%| E|CS|TAMS 0x0000000088000000, 0x0000000088000000| Complete 
| 123|0x0000000088100000, 0x0000000088200000, 0x0000000088200000|100%| E|CS|TAMS 0x0000000088100000, 0x0000000088100000| Complete 
| 124|0x0000000088200000, 0x0000000088300000, 0x0000000088300000|100%| E|CS|TAMS 0x0000000088200000, 0x0000000088200000| Complete 
| 125|0x0000000088300000, 0x0000000088400000, 0x0000000088400000|100%| E|CS|TAMS 0x0000000088300000, 0x0000000088300000| Complete 
| 126|0x0000000088400000, 0x0000000088500000, 0x0000000088500000|100%| E|CS|TAMS 0x0000000088400000, 0x0000000088400000| Complete 
| 127|0x0000000088500000, 0x0000000088600000, 0x0000000088600000|100%| E|CS|TAMS 0x0000000088500000, 0x0000000088500000| Complete 

Card table byte_map: [0x000001addbc90000,0x000001addc090000] _byte_map_base: 0x000001addb88d000

Marking Bits (Prev, Next): (CMBitMap*) 0x000001adc877bb38, (CMBitMap*) 0x000001adc877bb70
 Prev Bits: [0x000001addc490000, 0x000001adde478000)
 Next Bits: [0x000001adde480000, 0x000001ade0468000)

Polling page: 0x000001adc65b0000

Metaspace:

Usage:
  Non-class:     13.77 MB capacity,    13.54 MB ( 98%) used,   198.95 KB (  1%) free+waste,    40.13 KB ( <1%) overhead. 
      Class:      1.69 MB capacity,     1.52 MB ( 90%) used,   150.71 KB (  9%) free+waste,    19.44 KB (  1%) overhead. 
       Both:     15.46 MB capacity,    15.06 MB ( 97%) used,   349.66 KB (  2%) free+waste,    59.56 KB ( <1%) overhead. 

Virtual space:
  Non-class space:       14.00 MB reserved,      14.00 MB (100%) committed 
      Class space:        1.00 GB reserved,       1.75 MB ( <1%) committed 
             Both:        1.01 GB reserved,      15.75 MB (  2%) committed 

Chunk freelists:
   Non-Class:  41.00 KB
       Class:  0 bytes
        Both:  41.00 KB

MaxMetaspaceSize: 17179869184.00 GB
CompressedClassSpaceSize: 1.00 GB

CodeHeap 'non-profiled nmethods': size=120000Kb used=479Kb max_used=479Kb free=119520Kb
 bounds [0x000001add3e10000, 0x000001add4080000, 0x000001addb340000]
CodeHeap 'profiled nmethods': size=120000Kb used=2374Kb max_used=2374Kb free=117625Kb
 bounds [0x000001adcc8e0000, 0x000001adccb50000, 0x000001add3e10000]
CodeHeap 'non-nmethods': size=5760Kb used=1129Kb max_used=1150Kb free=4630Kb
 bounds [0x000001adcc340000, 0x000001adcc5b0000, 0x000001adcc8e0000]
 total_blobs=1780 nmethods=1316 adapters=376
 compilation: enabled
              stopped_count=0, restarted_count=0
 full_count=0

Compilation events (20 events):
Event: 0.737 Thread 0x000001ade3969800 1290       3       java.lang.ClassLoader::definePackage (84 bytes)
Event: 0.738 Thread 0x000001ade3969800 nmethod 1290 0x000001adccb0e710 code [0x000001adccb0ea20, 0x000001adccb0fb18]
Event: 0.738 Thread 0x000001ade3969800 1293       3       sun.net.util.IPAddressUtil::scan (92 bytes)
Event: 0.739 Thread 0x000001ade3969800 nmethod 1293 0x000001adccb10090 code [0x000001adccb10300, 0x000001adccb10df8]
Event: 0.739 Thread 0x000001ade3969800 1292       3       sun.net.util.IPAddressUtil::checkHostString (53 bytes)
Event: 0.739 Thread 0x000001ade3fd7800 1297       4       java.lang.reflect.ProxyGenerator$ConstantPool::getClass (21 bytes)
Event: 0.739 Thread 0x000001ade3969800 nmethod 1292 0x000001adccb11390 code [0x000001adccb11660, 0x000001adccb12368]
Event: 0.739 Thread 0x000001ade3969800 1295       3       java.util.LinkedHashMap$LinkedValueIterator::next (8 bytes)
Event: 0.739 Thread 0x000001ade3969800 nmethod 1295 0x000001adccb12810 code [0x000001adccb129c0, 0x000001adccb12ae8]
Event: 0.739 Thread 0x000001ade3969800 1294       3       java.lang.PublicMethods$MethodList::merge (192 bytes)
Event: 0.740 Thread 0x000001ade3fd7800 nmethod 1297 0x000001add3e86510 code [0x000001add3e866c0, 0x000001add3e867d8]
Event: 0.740 Thread 0x000001ade455a000 1298       4       java.lang.String::replace (42 bytes)
Event: 0.740 Thread 0x000001ade3969800 nmethod 1294 0x000001adccb12b90 code [0x000001adccb12e00, 0x000001adccb13888]
Event: 0.740 Thread 0x000001ade3966000 1299       4       java.lang.reflect.ProxyGenerator$ConstantPool$IndirectEntry::<init> (20 bytes)
Event: 0.740 Thread 0x000001ade3969800 1296       3       java.lang.reflect.ProxyGenerator::addProxyMethod (233 bytes)
Event: 0.740 Thread 0x000001ade3966000 nmethod 1299 0x000001add3e86910 code [0x000001add3e86aa0, 0x000001add3e86b18]
Event: 0.741 Thread 0x000001ade3fd7800 1304       4       java.util.HashMap::resize (356 bytes)
Event: 0.741 Thread 0x000001ade3969800 nmethod 1296 0x000001adccb13c90 code [0x000001adccb14060, 0x000001adccb15ba8]
Event: 0.741 Thread 0x000001ade3969800 1302       3       java.lang.reflect.ProxyGenerator$ProxyMethod::generateMethod (733 bytes)
Event: 0.741 Thread 0x000001ade3966000 1305       4       java.io.DataOutputStream::writeUTF (435 bytes)

GC Heap History (0 events):
No events

Deoptimization events (20 events):
Event: 0.519 Thread 0x000001ade4070000 DEOPT PACKING pc=0x000001adcca641dd sp=0x000000619a6fa150
Event: 0.519 Thread 0x000001ade4070000 DEOPT UNPACKING pc=0x000001adcc3672ce sp=0x000000619a6f9608 mode 0
Event: 0.520 Thread 0x000001ade4070000 DEOPT PACKING pc=0x000001adcca641dd sp=0x000000619a6fa150
Event: 0.520 Thread 0x000001ade4070000 DEOPT UNPACKING pc=0x000001adcc3672ce sp=0x000000619a6f9608 mode 0
Event: 0.520 Thread 0x000001ade4070000 DEOPT PACKING pc=0x000001adcca641dd sp=0x000000619a6fa150
Event: 0.520 Thread 0x000001ade4070000 DEOPT UNPACKING pc=0x000001adcc3672ce sp=0x000000619a6f9608 mode 0
Event: 0.549 Thread 0x000001ade4070000 Uncommon trap: trap_request=0xffffff4d fr.pc=0x000001add3e599b4 relative=0x0000000000000094
Event: 0.549 Thread 0x000001ade4070000 Uncommon trap: reason=unstable_if action=reinterpret pc=0x000001add3e599b4 method=java.lang.CharacterDataLatin1.digit(II)I @ 7 c2
Event: 0.549 Thread 0x000001ade4070000 DEOPT PACKING pc=0x000001add3e599b4 sp=0x000000619a6fa980
Event: 0.549 Thread 0x000001ade4070000 DEOPT UNPACKING pc=0x000001adcc3674af sp=0x000000619a6fa840 mode 2
Event: 0.587 Thread 0x000001ade4070000 Uncommon trap: trap_request=0xffffff4d fr.pc=0x000001add3e636a4 relative=0x00000000000004c4
Event: 0.587 Thread 0x000001ade4070000 Uncommon trap: reason=unstable_if action=reinterpret pc=0x000001add3e636a4 method=sun.security.provider.SHA2.implDigest([BI)V @ 21 c2
Event: 0.587 Thread 0x000001ade4070000 DEOPT PACKING pc=0x000001add3e636a4 sp=0x000000619a6faad0
Event: 0.587 Thread 0x000001ade4070000 DEOPT UNPACKING pc=0x000001adcc3674af sp=0x000000619a6faa08 mode 2
Event: 0.587 Thread 0x000001ade4070000 Uncommon trap: trap_request=0xffffff4d fr.pc=0x000001add3e644e0 relative=0x0000000000000380
Event: 0.587 Thread 0x000001ade4070000 Uncommon trap: reason=unstable_if action=reinterpret pc=0x000001add3e644e0 method=sun.security.provider.SHA2.implDigest([BI)V @ 21 c2
Event: 0.587 Thread 0x000001ade4070000 DEOPT PACKING pc=0x000001add3e644e0 sp=0x000000619a6faa30
Event: 0.587 Thread 0x000001ade4070000 DEOPT UNPACKING pc=0x000001adcc3674af sp=0x000000619a6fa9e8 mode 2
Event: 0.741 Thread 0x000001ade4070000 DEOPT PACKING pc=0x000001adccac7df8 sp=0x000000619a6f8e50
Event: 0.741 Thread 0x000001ade4070000 DEOPT UNPACKING pc=0x000001adcc3672ce sp=0x000000619a6f83b8 mode 0

Classes redefined (0 events):
No events

Internal exceptions (20 events):
Event: 0.302 Thread 0x000001ade3fc7000 Exception <a 'java/lang/NoSuchMethodError'{0x0000000087fbfa28}: 'java.lang.Object java.lang.invoke.DirectMethodHandle$Holder.invokeStatic(java.lang.Object, java.lang.Object, java.lang.Object, java.lang.Object, java.lang.Object, java.lang.Object, java.lang.Object, java.lang.Object, java.lang.Object, java.lang.Object, java.lang.Object, java.lang.Object, java.lang.Object, int)'> (0x0000000087fbfa28) thrown at [./src/hotspot/share/interpreter/linkResolver.cpp, line 773]
Event: 0.303 Thread 0x000001ade3fc8000 Exception <a 'java/lang/NoSuchMethodError'{0x0000000087f4c9c0}: 'java.lang.Object java.lang.invoke.DirectMethodHandle$Holder.invokeStatic(java.lang.Object, java.lang.Object, java.lang.Object, java.lang.Object, java.lang.Object, java.lang.Object, java.lang.Object, java.lang.Object, java.lang.Object, java.lang.Object, java.lang.Object, java.lang.Object, java.lang.Object, int, int)'> (0x0000000087f4c9c0) thrown at [./src/hotspot/share/interpreter/linkResolver.cpp, line 773]
Event: 0.305 Thread 0x000001ade3fc7000 Exception <a 'java/lang/NoSuchMethodError'{0x0000000087fd7690}: 'java.lang.Object java.lang.invoke.DelegatingMethodHandle$Holder.reinvoke_L(java.lang.Object, int, java.lang.Object)'> (0x0000000087fd7690) thrown at [./src/hotspot/share/interpreter/linkResolver.cpp, line 773]
Event: 0.305 Thread 0x000001ade3fc8000 Exception <a 'java/lang/NoSuchMethodError'{0x0000000087f66478}: 'java.lang.Object java.lang.invoke.DelegatingMethodHandle$Holder.reinvoke_L(java.lang.Object, int, java.lang.Object)'> (0x0000000087f66478) thrown at [./src/hotspot/share/interpreter/linkResolver.cpp, line 773]
Event: 0.329 Thread 0x000001ade4070000 Exception <a 'java/lang/NoSuchMethodError'{0x0000000087d22180}: <clinit>> (0x0000000087d22180) thrown at [./src/hotspot/share/prims/jni.cpp, line 1362]
Event: 0.331 Thread 0x000001ade3fc8000 Exception <a 'java/lang/NoSuchMethodError'{0x0000000087d8cbf0}: 'java.lang.Object java.lang.invoke.DirectMethodHandle$Holder.invokeStatic(java.lang.Object, java.lang.Object, java.lang.Object, java.lang.Object, java.lang.Object, java.lang.Object, java.lang.Object, java.lang.Object, java.lang.Object, java.lang.Object, java.lang.Object, java.lang.Object, java.lang.Object, java.lang.Object, java.lang.Object)'> (0x0000000087d8cbf0) thrown at [./src/hotspot/share/interpreter/linkResolver.cpp, line 773]
Event: 0.332 Thread 0x000001ade3fc8000 Exception <a 'java/lang/NoSuchMethodError'{0x0000000087d9aa38}: 'java.lang.Object java.lang.invoke.DirectMethodHandle$Holder.invokeStatic(java.lang.Object, java.lang.Object, java.lang.Object, java.lang.Object, java.lang.Object, java.lang.Object, java.lang.Object, java.lang.Object, java.lang.Object, java.lang.Object, java.lang.Object, java.lang.Object, java.lang.Object, java.lang.Object, java.lang.Object, java.lang.Object)'> (0x0000000087d9aa38) thrown at [./src/hotspot/share/interpreter/linkResolver.cpp, l
Event: 0.332 Thread 0x000001ade3fc8000 Exception <a 'java/lang/NoSuchMethodError'{0x0000000087da8a58}: 'java.lang.Object java.lang.invoke.DirectMethodHandle$Holder.invokeSpecial(java.lang.Object, java.lang.Object, int, int, java.lang.Object, int, java.lang.Object, java.lang.Object)'> (0x0000000087da8a58) thrown at [./src/hotspot/share/interpreter/linkResolver.cpp, line 773]
Event: 0.333 Thread 0x000001ade3fc8000 Exception <a 'java/lang/NoSuchMethodError'{0x0000000087dac098}: 'java.lang.Object java.lang.invoke.DelegatingMethodHandle$Holder.reinvoke_L(java.lang.Object, int, int, java.lang.Object, int, java.lang.Object, java.lang.Object)'> (0x0000000087dac098) thrown at [./src/hotspot/share/interpreter/linkResolver.cpp, line 773]
Event: 0.335 Thread 0x000001ade3fc8000 Exception <a 'java/lang/NoSuchMethodError'{0x0000000087dd81b0}: 'java.lang.Object java.lang.invoke.DirectMethodHandle$Holder.invokeStatic(java.lang.Object, java.lang.Object, java.lang.Object, java.lang.Object, java.lang.Object, java.lang.Object, java.lang.Object, java.lang.Object, int)'> (0x0000000087dd81b0) thrown at [./src/hotspot/share/interpreter/linkResolver.cpp, line 773]
Event: 0.336 Thread 0x000001ade3fc8000 Exception <a 'java/lang/NoSuchMethodError'{0x0000000087df26e8}: 'java.lang.Object java.lang.invoke.DirectMethodHandle$Holder.invokeStatic(java.lang.Object, java.lang.Object, java.lang.Object, java.lang.Object, java.lang.Object, java.lang.Object, java.lang.Object, java.lang.Object, int, int)'> (0x0000000087df26e8) thrown at [./src/hotspot/share/interpreter/linkResolver.cpp, line 773]
Event: 0.337 Thread 0x000001ade3fc8000 Exception <a 'java/lang/NoSuchMethodError'{0x0000000087c0e3d8}: 'java.lang.Object java.lang.invoke.DirectMethodHandle$Holder.invokeStatic(java.lang.Object, java.lang.Object, java.lang.Object, java.lang.Object, java.lang.Object, java.lang.Object, java.lang.Object, java.lang.Object, int, int, java.lang.Object)'> (0x0000000087c0e3d8) thrown at [./src/hotspot/share/interpreter/linkResolver.cpp, line 773]
Event: 0.339 Thread 0x000001ade3fc8000 Exception <a 'java/lang/NoSuchMethodError'{0x0000000087c2ac28}: 'java.lang.Object java.lang.invoke.DirectMethodHandle$Holder.invokeStatic(java.lang.Object, java.lang.Object, java.lang.Object, java.lang.Object, java.lang.Object, java.lang.Object, java.lang.Object, java.lang.Object, int, int, java.lang.Object, java.lang.Object)'> (0x0000000087c2ac28) thrown at [./src/hotspot/share/interpreter/linkResolver.cpp, line 773]
Event: 0.344 Thread 0x000001ade3fc8000 Exception <a 'java/lang/NoSuchMethodError'{0x0000000087c62038}: <clinit>> (0x0000000087c62038) thrown at [./src/hotspot/share/prims/jni.cpp, line 1362]
Event: 0.346 Thread 0x000001ade403c800 Exception <a 'java/lang/InterruptedException'{0x0000000087c7b778}> (0x0000000087c7b778) thrown at [./src/hotspot/share/runtime/objectMonitor.cpp, line 1635]
Event: 0.346 Thread 0x000001ade403c800 Exception <a 'java/lang/NoSuchMethodError'{0x0000000087c835b0}: 'java.lang.Object java.lang.invoke.DirectMethodHandle$Holder.invokeStatic(java.lang.Object, java.lang.Object, int, java.lang.Object, long)'> (0x0000000087c835b0) thrown at [./src/hotspot/share/interpreter/linkResolver.cpp, line 773]
Event: 0.454 Thread 0x000001ade4070000 Exception <a 'java/lang/NoSuchMethodError'{0x00000000879dcfa8}: 'java.lang.Object java.lang.invoke.DirectMethodHandle$Holder.invokeStatic(java.lang.Object, int, java.lang.Object)'> (0x00000000879dcfa8) thrown at [./src/hotspot/share/interpreter/linkResolver.cpp, line 773]
Event: 0.456 Thread 0x000001ade4070000 Exception <a 'java/lang/NoSuchMethodError'{0x00000000879ee200}: 'int java.lang.invoke.DirectMethodHandle$Holder.invokeStatic(java.lang.Object, int, java.lang.Object, java.lang.Object)'> (0x00000000879ee200) thrown at [./src/hotspot/share/interpreter/linkResolver.cpp, line 773]
Event: 0.486 Thread 0x000001ade4070000 Exception <a 'sun/nio/fs/WindowsException'{0x00000000877694a8}> (0x00000000877694a8) thrown at [./src/hotspot/share/prims/jni.cpp, line 615]
Event: 0.487 Thread 0x000001ade4070000 Exception <a 'java/lang/NoSuchMethodError'{0x00000000877709a8}: 'int java.lang.invoke.DirectMethodHandle$Holder.invokeSpecialIFC(java.lang.Object, java.lang.Object, int)'> (0x00000000877709a8) thrown at [./src/hotspot/share/interpreter/linkResolver.cpp, line 773]

Events (20 events):
Event: 0.683 loading class java/util/function/UnaryOperator
Event: 0.683 loading class java/util/function/UnaryOperator done
Event: 0.704 loading class com/intellij/database/remote/jdbc/impl/RemoteStatementImpl_Stub
Event: 0.704 loading class com/intellij/database/remote/jdbc/impl/RemoteStatementImpl_Stub done
Event: 0.735 loading class com/intellij/database/remote/jdbc/impl/RemoteResultSetImpl
Event: 0.735 loading class com/intellij/database/remote/jdbc/impl/RemoteResultSetImpl done
Event: 0.735 loading class com/intellij/openapi/util/Getter
Event: 0.735 loading class com/intellij/openapi/util/Getter done
Event: 0.737 loading class com/intellij/database/remote/jdbc/impl/RemoteResultSetImpl_Stub
Event: 0.737 loading class com/intellij/database/remote/jdbc/impl/RemoteResultSetImpl_Stub done
Event: 0.737 loading class com/intellij/database/remote/jdbc/RemoteRef
Event: 0.737 loading class com/intellij/database/remote/jdbc/RemoteRef done
Event: 0.737 loading class com/intellij/database/remote/jdbc/RemoteArray
Event: 0.737 loading class com/intellij/database/remote/jdbc/RemoteArray done
Event: 0.737 loading class com/intellij/database/remote/jdbc/RemoteResultSetMetaData
Event: 0.737 loading class com/intellij/database/remote/jdbc/RemoteResultSetMetaData done
Event: 0.737 loading class com/intellij/database/remote/jdbc/RemoteBlob
Event: 0.737 loading class com/intellij/database/remote/jdbc/RemoteBlob done
Event: 0.737 loading class com/intellij/database/remote/jdbc/RemoteClob
Event: 0.737 loading class com/intellij/database/remote/jdbc/RemoteClob done


Dynamic libraries:
0x00007ff656010000 - 0x00007ff65601a000 	E:\IDEA\IntelliJ IDEA 2020.2.3\jbr\bin\java.exe
0x00007ffa0c970000 - 0x00007ffa0cb5d000 	C:\Windows\SYSTEM32\ntdll.dll
0x00007ffa0b0d0000 - 0x00007ffa0b183000 	C:\Windows\System32\KERNEL32.DLL
0x00007ffa094b0000 - 0x00007ffa09745000 	C:\Windows\System32\KERNELBASE.dll
0x00007ffa08a40000 - 0x00007ffa08b3a000 	C:\Windows\System32\ucrtbase.dll
0x00007ff9ff060000 - 0x00007ff9ff077000 	E:\IDEA\IntelliJ IDEA 2020.2.3\jbr\bin\VCRUNTIME140.dll
0x00007ff9f7fa0000 - 0x00007ff9f7fb9000 	E:\IDEA\IntelliJ IDEA 2020.2.3\jbr\bin\jli.dll
0x00007ffa0aba0000 - 0x00007ffa0ad37000 	C:\Windows\System32\USER32.dll
0x00007ff9f6680000 - 0x00007ff9f68f9000 	C:\Windows\WinSxS\amd64_microsoft.windows.common-controls_6595b64144ccf1df_6.0.17763.1697_none_de7644c45346d6cf\COMCTL32.dll
0x00007ffa09750000 - 0x00007ffa09770000 	C:\Windows\System32\win32u.dll
0x00007ffa0b190000 - 0x00007ffa0b1b9000 	C:\Windows\System32\GDI32.dll
0x00007ffa0ab00000 - 0x00007ffa0ab9e000 	C:\Windows\System32\msvcrt.dll
0x00007ffa092b0000 - 0x00007ffa0944c000 	C:\Windows\System32\gdi32full.dll
0x00007ffa0ada0000 - 0x00007ffa0b0ce000 	C:\Windows\System32\combase.dll
0x00007ffa09b00000 - 0x00007ffa09ba0000 	C:\Windows\System32\msvcp_win.dll
0x00007ffa09ba0000 - 0x00007ffa09cc0000 	C:\Windows\System32\RPCRT4.dll
0x00007ffa09a50000 - 0x00007ffa09acf000 	C:\Windows\System32\bcryptPrimitives.dll
0x00007ffa0aa90000 - 0x00007ffa0aabe000 	C:\Windows\System32\IMM32.DLL
0x00007ff9f22c0000 - 0x00007ff9f235d000 	E:\IDEA\IntelliJ IDEA 2020.2.3\jbr\bin\msvcp140.dll
0x00007ff9ad6b0000 - 0x00007ff9ae17e000 	E:\IDEA\IntelliJ IDEA 2020.2.3\jbr\bin\server\jvm.dll
0x00007ffa0a9e0000 - 0x00007ffa0aa83000 	C:\Windows\System32\ADVAPI32.dll
0x00007ffa0b220000 - 0x00007ffa0b2bf000 	C:\Windows\System32\sechost.dll
0x00007ffa0a950000 - 0x00007ffa0a958000 	C:\Windows\System32\PSAPI.DLL
0x00007ff9f3220000 - 0x00007ff9f3229000 	C:\Windows\SYSTEM32\WSOCK32.dll
0x00007ffa06a10000 - 0x00007ffa06a34000 	C:\Windows\SYSTEM32\WINMM.dll
0x00007ffa02af0000 - 0x00007ffa02afa000 	C:\Windows\SYSTEM32\VERSION.dll
0x00007ffa0a8e0000 - 0x00007ffa0a94d000 	C:\Windows\System32\WS2_32.dll
0x00007ffa069e0000 - 0x00007ffa06a0d000 	C:\Windows\SYSTEM32\WINMMBASE.dll
0x00007ffa09770000 - 0x00007ffa097ba000 	C:\Windows\System32\cfgmgr32.dll
0x00007ffa089a0000 - 0x00007ffa089b1000 	C:\Windows\System32\kernel.appcore.dll
0x00007ffa052c0000 - 0x00007ffa052d1000 	E:\IDEA\IntelliJ IDEA 2020.2.3\jbr\bin\verify.dll
0x00007ff9f2bf0000 - 0x00007ff9f2ddd000 	C:\Windows\SYSTEM32\DBGHELP.DLL
0x00007ff9f28b0000 - 0x00007ff9f28da000 	C:\Windows\SYSTEM32\dbgcore.DLL
0x00007ffa048c0000 - 0x00007ffa048e9000 	E:\IDEA\IntelliJ IDEA 2020.2.3\jbr\bin\java.dll
0x00007ffa052b0000 - 0x00007ffa052bb000 	E:\IDEA\IntelliJ IDEA 2020.2.3\jbr\bin\jimage.dll
0x00007ffa043a0000 - 0x00007ffa043b8000 	E:\IDEA\IntelliJ IDEA 2020.2.3\jbr\bin\zip.dll
0x00007ffa0b2c0000 - 0x00007ffa0c7ba000 	C:\Windows\System32\SHELL32.dll
0x00007ffa0c890000 - 0x00007ffa0c938000 	C:\Windows\System32\shcore.dll
0x00007ffa08b60000 - 0x00007ffa092ab000 	C:\Windows\System32\windows.storage.dll
0x00007ffa08970000 - 0x00007ffa08994000 	C:\Windows\System32\profapi.dll
0x00007ffa089e0000 - 0x00007ffa08a3d000 	C:\Windows\System32\powrprof.dll
0x00007ffa09e20000 - 0x00007ffa09e72000 	C:\Windows\System32\shlwapi.dll
0x00007ffa08b40000 - 0x00007ffa08b57000 	C:\Windows\System32\cryptsp.dll
0x00007ffa03a20000 - 0x00007ffa03a3a000 	E:\IDEA\IntelliJ IDEA 2020.2.3\jbr\bin\net.dll
0x00007ffa01050000 - 0x00007ffa01144000 	C:\Windows\SYSTEM32\WINHTTP.dll
0x00007ffa081d0000 - 0x00007ffa08237000 	C:\Windows\system32\mswsock.dll
0x00007ffa03920000 - 0x00007ffa03934000 	E:\IDEA\IntelliJ IDEA 2020.2.3\jbr\bin\nio.dll
0x00007ffa07d60000 - 0x00007ffa07d93000 	C:\Windows\system32\rsaenh.dll
0x00007ffa09ad0000 - 0x00007ffa09af6000 	C:\Windows\System32\bcrypt.dll
0x00007ffa088a0000 - 0x00007ffa088c9000 	C:\Windows\SYSTEM32\USERENV.dll
0x00007ffa083a0000 - 0x00007ffa083ac000 	C:\Windows\SYSTEM32\CRYPTBASE.dll
0x00007ffa07ef0000 - 0x00007ffa07f2d000 	C:\Windows\SYSTEM32\IPHLPAPI.DLL
0x00007ffa0aad0000 - 0x00007ffa0aad8000 	C:\Windows\System32\NSI.dll
0x00007ffa03b80000 - 0x00007ffa03b96000 	C:\Windows\SYSTEM32\dhcpcsvc6.DLL
0x00007ffa03b20000 - 0x00007ffa03b3c000 	C:\Windows\SYSTEM32\dhcpcsvc.DLL
0x00007ffa07f30000 - 0x00007ffa07ff6000 	C:\Windows\SYSTEM32\DNSAPI.dll
0x00007ff9ff960000 - 0x00007ff9ff968000 	E:\IDEA\IntelliJ IDEA 2020.2.3\jbr\bin\rmi.dll
0x00007ffa00550000 - 0x00007ffa0055a000 	C:\Windows\System32\rasadhlp.dll
0x00007ffa032a0000 - 0x00007ffa03319000 	C:\Windows\System32\fwpuclnt.dll
0x00007ff9ff640000 - 0x00007ff9ff668000 	E:\IDEA\IntelliJ IDEA 2020.2.3\jbr\bin\sunec.dll

dbghelp: loaded successfully - version: 4.0.5 - missing functions: none
symbol engine: initialized successfully - sym options: 0x614 - pdb path: .;E:\IDEA\IntelliJ IDEA 2020.2.3\jbr\bin;C:\Windows\SYSTEM32;C:\Windows\WinSxS\amd64_microsoft.windows.common-controls_6595b64144ccf1df_6.0.17763.1697_none_de7644c45346d6cf;E:\IDEA\IntelliJ IDEA 2020.2.3\jbr\bin\server

VM Arguments:
jvm_args: -Djava.rmi.server.hostname=127.0.0.1 -Duser.timezone=UTC -Xmx2041m -Xms128m -Dfile.encoding=UTF-8 
java_command: com.intellij.database.remote.RemoteJdbcServer org.postgresql.Driver
java_class_path (initial): E:\IDEA\IntelliJ IDEA 2020.2.3\lib\util.jar;E:\IDEA\IntelliJ IDEA 2020.2.3\lib\trove4j.jar;E:\IDEA\IntelliJ IDEA 2020.2.3\lib\groovy-2.5.11.jar;E:\IDEA\IntelliJ IDEA 2020.2.3\plugins\DatabaseTools\lib\jdbc-console.jar;C:\Users\Stylish Pimp\AppData\Roaming\JetBrains\IntelliJIdea2020.3\jdbc-drivers\PostgreSQL\42.2.5\postgresql-42.2.5.jar;C:\Users\Stylish Pimp\AppData\Roaming\JetBrains\IntelliJIdea2020.3\jdbc-drivers\PostgreSQL\42.2.5\jna-platform-win-4.4.0.jar;C:\Users\Stylish Pimp\AppData\Roaming\JetBrains\IntelliJIdea2020.3\jdbc-drivers\PostgreSQL\42.2.5\jna-win-4.4.0.jar;C:\Users\Stylish Pimp\AppData\Roaming\JetBrains\IntelliJIdea2020.3\jdbc-drivers\PostgreSQL\42.2.5\waffle-jna-win-1.8.1.jar
Launcher Type: SUN_STANDARD

[Global flags]
     intx CICompilerCount                          = 4                                         {product} {ergonomic}
     uint ConcGCThreads                            = 3                                         {product} {ergonomic}
     uint G1ConcRefinementThreads                  = 10                                        {product} {ergonomic}
   size_t G1HeapRegionSize                         = 1048576                                   {product} {ergonomic}
    uintx GCDrainStackTargetSize                   = 64                                        {product} {ergonomic}
   size_t InitialHeapSize                          = 134217728                                 {product} {command line}
   size_t MarkStackSize                            = 4194304                                   {product} {ergonomic}
   size_t MaxHeapSize                              = 2141192192                                {product} {command line, ergonomic}
   size_t MaxNewSize                               = 1284505600                                {product} {ergonomic}
   size_t MinHeapDeltaBytes                        = 1048576                                   {product} {ergonomic}
    uintx NonNMethodCodeHeapSize                   = 5836300                                {pd product} {ergonomic}
    uintx NonProfiledCodeHeapSize                  = 122910970                              {pd product} {ergonomic}
    uintx ProfiledCodeHeapSize                     = 122910970                              {pd product} {ergonomic}
    uintx ReservedCodeCacheSize                    = 251658240                              {pd product} {ergonomic}
     bool SegmentedCodeCache                       = true                                      {product} {ergonomic}
     bool UseCompressedClassPointers               = true                                 {lp64_product} {ergonomic}
     bool UseCompressedOops                        = true                                 {lp64_product} {ergonomic}
     bool UseG1GC                                  = true                                      {product} {ergonomic}
     bool UseLargePagesIndividualAllocation        = false                                  {pd product} {ergonomic}

Logging:
Log output configuration:
 #0: stdout all=warning uptime,level,tags
 #1: stderr all=off uptime,level,tags

Environment Variables:
JAVA_HOME=C:\Program Files\Java\jdk-14.0.2
PATH=E:\sql_course\dbhomeXE\bin;C:\Program Files (x86)\Common Files\Oracle\Java\javapath;C:\Windows\system32;C:\Windows;C:\Windows\System32\Wbem;C:\Windows\System32\WindowsPowerShell\v1.0\;C:\Windows\System32\OpenSSH\;C:\Program Files (x86)\NVIDIA Corporation\PhysX\Common;C:\Program Files\NVIDIA Corporation\NVIDIA NvDLISR;E:\Git\cmd;E:\Git\mingw64\bin;E:\Git\usr\bin;C:\Program Files\Java\jdk-14.0.2\bin;"C:\Users\Stylish Pimp\AppData\Local\Temp\Microsoft\WindowsApps;";C:\Program Files (x86)\Common Files\Oracle\Java\javapath;
USERNAME=Stylish Pimp
OS=Windows_NT
PROCESSOR_IDENTIFIER=AMD64 Family 23 Model 8 Stepping 2, AuthenticAMD



---------------  S Y S T E M  ---------------

OS: Windows 10 , 64 bit Build 17763 (10.0.17763.475)
OS uptime: 9 days 20:59 hours

CPU:total 12 (initial active 12) (12 cores per cpu, 2 threads per core) family 23 model 8 stepping 2, cmov, cx8, fxsr, mmx, sse, sse2, sse3, ssse3, sse4.1, sse4.2, popcnt, avx, avx2, aes, clmul, mmxext, 3dnowpref, lzcnt, sse4a, ht, tsc, tscinvbit, tscinv, bmi1, bmi2, adx, sha, fma

Memory: 4k page, system-wide physical 16333M (6647M free)
TotalPageFile size 18381M (AvailPageFile size 61M)
current process WorkingSet (physical memory assigned to process): 83M, peak: 85M
current process commit charge ("private bytes"): 231M, peak: 233M

vm_info: OpenJDK 64-Bit Server VM (11.0.9.1+11-b1145.63) for windows-amd64 JRE (11.0.9.1+11-b1145.63), built on Dec 21 2020 13:58:54 by "" with MS VC++ 14.0 (VS2015)

END.
